<?xml version="1.0" encoding="UTF-8"?>
<!-- Generated by org.testng.reporters.JUnitReportReporter -->
<testsuite hostname="GMENDONS2K0Z0P1" name="com.wd.MapsHomePageTest" tests="1" failures="0" timestamp="15 Jan 2013 23:02:57 GMT" time="11.187" errors="0">
  <testcase name="testTransit" time="11.187" classname="com.wd.MapsHomePageTest"/>
</testsuite> <!-- com.wd.MapsHomePageTest -->
