<?xml version="1.0" encoding="UTF-8"?>
<!-- Generated by org.testng.reporters.JUnitReportReporter -->
<testsuite hostname="GMENDONS2K0Z0P1" name="com.wd.MapsHomePageTest" tests="1" failures="0" timestamp="15 Jan 2013 21:37:55 GMT" time="14.833" errors="0">
  <testcase name="testHomePage" time="14.833" classname="com.wd.MapsHomePageTest"/>
</testsuite> <!-- com.wd.MapsHomePageTest -->
